<?xml version="1.0" encoding="UTF-8"?>
<testsuite xmlns:xsi="http://www.w3.org/2001/XMLSchema-instance" xsi:noNamespaceSchemaLocation="https://maven.apache.org/surefire/maven-surefire-plugin/xsd/surefire-test-report.xsd" name="BMICalculatorTest" time="0.2" tests="3" errors="3" skipped="0" failures="0">
  <properties>
    <property name="sun.desktop" value="windows"/>
    <property name="awt.toolkit" value="sun.awt.windows.WToolkit"/>
    <property name="java.specification.version" value="11"/>
    <property name="sun.cpu.isalist" value="amd64"/>
    <property name="sun.jnu.encoding" value="Cp1252"/>
    <property name="java.class.path" value="C:\Users\Helena Tscharnig\IdeaProjects\BMICalculator\target\test-classes;C:\Users\Helena Tscharnig\IdeaProjects\BMICalculator\target\classes;C:\Users\Helena Tscharnig\.m2\repository\org\junit\jupiter\junit-jupiter-engine\5.7.0\junit-jupiter-engine-5.7.0.jar;C:\Users\Helena Tscharnig\.m2\repository\org\apiguardian\apiguardian-api\1.1.0\apiguardian-api-1.1.0.jar;C:\Users\Helena Tscharnig\.m2\repository\org\junit\platform\junit-platform-engine\1.7.0\junit-platform-engine-1.7.0.jar;C:\Users\Helena Tscharnig\.m2\repository\org\opentest4j\opentest4j\1.2.0\opentest4j-1.2.0.jar;C:\Users\Helena Tscharnig\.m2\repository\org\junit\platform\junit-platform-commons\1.7.0\junit-platform-commons-1.7.0.jar;C:\Users\Helena Tscharnig\.m2\repository\org\junit\jupiter\junit-jupiter-api\5.7.0\junit-jupiter-api-5.7.0.jar;"/>
    <property name="java.vm.vendor" value="Eclipse Foundation"/>
    <property name="sun.arch.data.model" value="64"/>
    <property name="user.variant" value=""/>
    <property name="java.vendor.url" value="https://adoptium.net/"/>
    <property name="user.timezone" value="Europe/Berlin"/>
    <property name="java.vm.specification.version" value="11"/>
    <property name="os.name" value="Windows 10"/>
    <property name="sun.java.launcher" value="SUN_STANDARD"/>
    <property name="user.country" value="AT"/>
    <property name="sun.boot.library.path" value="C:\Program Files\Eclipse Foundation\jdk-11.0.12.7-hotspot\bin"/>
    <property name="sun.java.command" value="C:\Users\HELENA~1\AppData\Local\Temp\surefire17945526454622654223\surefirebooter3240059075112573756.jar C:\Users\Helena Tscharnig\AppData\Local\Temp\surefire17945526454622654223 2021-11-25T23-46-06_812-jvmRun1 surefire5504289122059371941tmp surefire_02019418112035009589tmp"/>
    <property name="jdk.debug" value="release"/>
    <property name="surefire.test.class.path" value="C:\Users\Helena Tscharnig\IdeaProjects\BMICalculator\target\test-classes;C:\Users\Helena Tscharnig\IdeaProjects\BMICalculator\target\classes;C:\Users\Helena Tscharnig\.m2\repository\org\junit\jupiter\junit-jupiter-engine\5.7.0\junit-jupiter-engine-5.7.0.jar;C:\Users\Helena Tscharnig\.m2\repository\org\apiguardian\apiguardian-api\1.1.0\apiguardian-api-1.1.0.jar;C:\Users\Helena Tscharnig\.m2\repository\org\junit\platform\junit-platform-engine\1.7.0\junit-platform-engine-1.7.0.jar;C:\Users\Helena Tscharnig\.m2\repository\org\opentest4j\opentest4j\1.2.0\opentest4j-1.2.0.jar;C:\Users\Helena Tscharnig\.m2\repository\org\junit\platform\junit-platform-commons\1.7.0\junit-platform-commons-1.7.0.jar;C:\Users\Helena Tscharnig\.m2\repository\org\junit\jupiter\junit-jupiter-api\5.7.0\junit-jupiter-api-5.7.0.jar;"/>
    <property name="sun.cpu.endian" value="little"/>
    <property name="user.home" value="C:\Users\Helena Tscharnig"/>
    <property name="user.language" value="de"/>
    <property name="java.specification.vendor" value="Oracle Corporation"/>
    <property name="java.version.date" value="2021-07-20"/>
    <property name="java.home" value="C:\Program Files\Eclipse Foundation\jdk-11.0.12.7-hotspot"/>
    <property name="file.separator" value="\"/>
    <property name="basedir" value="C:\Users\Helena Tscharnig\IdeaProjects\BMICalculator"/>
    <property name="java.vm.compressedOopsMode" value="32-bit"/>
    <property name="line.separator" value="&#10;"/>
    <property name="java.specification.name" value="Java Platform API Specification"/>
    <property name="java.vm.specification.vendor" value="Oracle Corporation"/>
    <property name="java.awt.graphicsenv" value="sun.awt.Win32GraphicsEnvironment"/>
    <property name="surefire.real.class.path" value="C:\Users\HELENA~1\AppData\Local\Temp\surefire17945526454622654223\surefirebooter3240059075112573756.jar"/>
    <property name="user.script" value=""/>
    <property name="sun.management.compiler" value="HotSpot 64-Bit Tiered Compilers"/>
    <property name="java.runtime.version" value="11.0.12+7"/>
    <property name="user.name" value="Helena Tscharnig"/>
    <property name="path.separator" value=";"/>
    <property name="os.version" value="10.0"/>
    <property name="java.runtime.name" value="OpenJDK Runtime Environment"/>
    <property name="file.encoding" value="Cp1252"/>
    <property name="java.vm.name" value="OpenJDK 64-Bit Server VM"/>
    <property name="java.vendor.version" value="Temurin-11.0.12+7"/>
    <property name="localRepository" value="C:\Users\Helena Tscharnig\.m2\repository"/>
    <property name="java.vendor.url.bug" value="https://github.com/adoptium/adoptium-support/issues"/>
    <property name="java.io.tmpdir" value="C:\Users\HELENA~1\AppData\Local\Temp\"/>
    <property name="idea.version" value="2021.2"/>
    <property name="java.version" value="11.0.12"/>
    <property name="user.dir" value="C:\Users\Helena Tscharnig\IdeaProjects\BMICalculator"/>
    <property name="os.arch" value="amd64"/>
    <property name="java.vm.specification.name" value="Java Virtual Machine Specification"/>
    <property name="java.awt.printerjob" value="sun.awt.windows.WPrinterJob"/>
    <property name="sun.os.patch.level" value=""/>
    <property name="java.library.path" value="C:\Program Files\Eclipse Foundation\jdk-11.0.12.7-hotspot\bin;C:\WINDOWS\Sun\Java\bin;C:\WINDOWS\system32;C:\WINDOWS;C:\Program Files\Eclipse Foundation\jdk-11.0.12.7-hotspot\bin;C:\Program Files (x86)\Intel\iCLS Client\;C:\Program Files\Intel\iCLS Client\;C:\WINDOWS\system32;C:\WINDOWS;C:\WINDOWS\System32\Wbem;C:\WINDOWS\System32\WindowsPowerShell\v1.0\;C:\Program Files (x86)\Intel\Intel(R) Management Engine Components\DAL;C:\Program Files\Intel\Intel(R) Management Engine Components\DAL;C:\Program Files (x86)\Intel\Intel(R) Management Engine Components\IPT;C:\Program Files\Intel\Intel(R) Management Engine Components\IPT;C:\WINDOWS\System32\OpenSSH\;C:\Program Files\Git\cmd;%JAVA_HOME%\bin;C:\Program Files\apache-maven-3.8.3\bin;C:\Users\Helena Tscharnig\AppData\Local\Microsoft\WindowsApps;C:\Program Files\apache-maven-3.8.3\bin;;."/>
    <property name="java.vm.info" value="mixed mode"/>
    <property name="java.vendor" value="Eclipse Foundation"/>
    <property name="java.vm.version" value="11.0.12+7"/>
    <property name="sun.io.unicode.encoding" value="UnicodeLittle"/>
    <property name="java.class.version" value="55.0"/>
  </properties>
  <testcase name="calculateBMI" classname="BMICalculatorTest" time="0.137">
    <error type="java.lang.NullPointerException">java.lang.NullPointerException
	at BMICalculatorTest.calculateBMI(BMICalculatorTest.java:22)
</error>
  </testcase>
  <testcase name="getBMICategoryName" classname="BMICalculatorTest" time="0.016">
    <error type="java.lang.NullPointerException">java.lang.NullPointerException
	at BMICalculatorTest.getBMICategoryName(BMICalculatorTest.java:36)
</error>
  </testcase>
  <testcase name="calculateBMICategory" classname="BMICalculatorTest" time="0">
    <error type="java.lang.NullPointerException">java.lang.NullPointerException
	at BMICalculatorTest.calculateBMICategory(BMICalculatorTest.java:29)
</error>
  </testcase>
</testsuite>